<?xml version="1.0" encoding="UTF-8"?>
<testsuite name="test_order_shipping_tests.TestOrderShipping-20230330213304" tests="87" file="test_order_shipping_tests.py" time="0.236" timestamp="2023-03-30T21:33:06" failures="0" errors="0" skipped="0">
	<testcase classname="test_order_shipping_tests.TestOrderShipping" name="test_10_deletion" time="0.002" timestamp="2023-03-30T21:33:05"/>
	<testcase classname="test_order_shipping_tests.TestOrderShipping" name="test_10_duplication" time="0.002" timestamp="2023-03-30T21:33:05"/>
	<testcase classname="test_order_shipping_tests.TestOrderShipping" name="test_11_deletion" time="0.002" timestamp="2023-03-30T21:33:05"/>
	<testcase classname="test_order_shipping_tests.TestOrderShipping" name="test_11_duplication" time="0.002" timestamp="2023-03-30T21:33:05"/>
	<testcase classname="test_order_shipping_tests.TestOrderShipping" name="test_12_deletion" time="0.003" timestamp="2023-03-30T21:33:05"/>
	<testcase classname="test_order_shipping_tests.TestOrderShipping" name="test_12_duplication" time="0.002" timestamp="2023-03-30T21:33:05"/>
	<testcase classname="test_order_shipping_tests.TestOrderShipping" name="test_13_modification" time="0.002" timestamp="2023-03-30T21:33:05"/>
	<testcase classname="test_order_shipping_tests.TestOrderShipping" name="test_14_deletion" time="0.003" timestamp="2023-03-30T21:33:05"/>
	<testcase classname="test_order_shipping_tests.TestOrderShipping" name="test_14_duplication" time="0.002" timestamp="2023-03-30T21:33:05"/>
	<testcase classname="test_order_shipping_tests.TestOrderShipping" name="test_15_deletion" time="0.003" timestamp="2023-03-30T21:33:05"/>
	<testcase classname="test_order_shipping_tests.TestOrderShipping" name="test_15_duplication" time="0.003" timestamp="2023-03-30T21:33:05"/>
	<testcase classname="test_order_shipping_tests.TestOrderShipping" name="test_16_deletion" time="0.002" timestamp="2023-03-30T21:33:05"/>
	<testcase classname="test_order_shipping_tests.TestOrderShipping" name="test_16_duplication" time="0.003" timestamp="2023-03-30T21:33:05"/>
	<testcase classname="test_order_shipping_tests.TestOrderShipping" name="test_17_deletion" time="0.002" timestamp="2023-03-30T21:33:05"/>
	<testcase classname="test_order_shipping_tests.TestOrderShipping" name="test_17_duplication" time="0.002" timestamp="2023-03-30T21:33:05"/>
	<testcase classname="test_order_shipping_tests.TestOrderShipping" name="test_18_deletion" time="0.002" timestamp="2023-03-30T21:33:05"/>
	<testcase classname="test_order_shipping_tests.TestOrderShipping" name="test_18_duplication" time="0.002" timestamp="2023-03-30T21:33:05"/>
	<testcase classname="test_order_shipping_tests.TestOrderShipping" name="test_19_deletion" time="0.002" timestamp="2023-03-30T21:33:05"/>
	<testcase classname="test_order_shipping_tests.TestOrderShipping" name="test_19_duplication" time="0.002" timestamp="2023-03-30T21:33:05"/>
	<testcase classname="test_order_shipping_tests.TestOrderShipping" name="test_20_modification" time="0.002" timestamp="2023-03-30T21:33:05"/>
	<testcase classname="test_order_shipping_tests.TestOrderShipping" name="test_21_deletion" time="0.002" timestamp="2023-03-30T21:33:05"/>
	<testcase classname="test_order_shipping_tests.TestOrderShipping" name="test_21_duplication" time="0.003" timestamp="2023-03-30T21:33:05"/>
	<testcase classname="test_order_shipping_tests.TestOrderShipping" name="test_22_deletion" time="0.003" timestamp="2023-03-30T21:33:05"/>
	<testcase classname="test_order_shipping_tests.TestOrderShipping" name="test_22_duplication" time="0.003" timestamp="2023-03-30T21:33:05"/>
	<testcase classname="test_order_shipping_tests.TestOrderShipping" name="test_23_deletion" time="0.002" timestamp="2023-03-30T21:33:05"/>
	<testcase classname="test_order_shipping_tests.TestOrderShipping" name="test_23_duplication" time="0.002" timestamp="2023-03-30T21:33:05"/>
	<testcase classname="test_order_shipping_tests.TestOrderShipping" name="test_24_deletion" time="0.003" timestamp="2023-03-30T21:33:05"/>
	<testcase classname="test_order_shipping_tests.TestOrderShipping" name="test_24_duplication" time="0.001" timestamp="2023-03-30T21:33:05"/>
	<testcase classname="test_order_shipping_tests.TestOrderShipping" name="test_25_deletion" time="0.002" timestamp="2023-03-30T21:33:05"/>
	<testcase classname="test_order_shipping_tests.TestOrderShipping" name="test_25_duplication" time="0.001" timestamp="2023-03-30T21:33:05"/>
	<testcase classname="test_order_shipping_tests.TestOrderShipping" name="test_26_deletion" time="0.002" timestamp="2023-03-30T21:33:05"/>
	<testcase classname="test_order_shipping_tests.TestOrderShipping" name="test_26_duplication" time="0.002" timestamp="2023-03-30T21:33:05"/>
	<testcase classname="test_order_shipping_tests.TestOrderShipping" name="test_27_modification" time="0.003" timestamp="2023-03-30T21:33:05"/>
	<testcase classname="test_order_shipping_tests.TestOrderShipping" name="test_28_deletion" time="0.002" timestamp="2023-03-30T21:33:05"/>
	<testcase classname="test_order_shipping_tests.TestOrderShipping" name="test_28_duplication" time="0.002" timestamp="2023-03-30T21:33:05"/>
	<testcase classname="test_order_shipping_tests.TestOrderShipping" name="test_29_deletion" time="0.002" timestamp="2023-03-30T21:33:05"/>
	<testcase classname="test_order_shipping_tests.TestOrderShipping" name="test_29_duplication" time="0.003" timestamp="2023-03-30T21:33:05"/>
	<testcase classname="test_order_shipping_tests.TestOrderShipping" name="test_2_deletion" time="0.003" timestamp="2023-03-30T21:33:05"/>
	<testcase classname="test_order_shipping_tests.TestOrderShipping" name="test_2_duplication" time="0.003" timestamp="2023-03-30T21:33:05"/>
	<testcase classname="test_order_shipping_tests.TestOrderShipping" name="test_30_deletion" time="0.004" timestamp="2023-03-30T21:33:06"/>
	<testcase classname="test_order_shipping_tests.TestOrderShipping" name="test_30_duplication" time="0.001" timestamp="2023-03-30T21:33:06"/>
	<testcase classname="test_order_shipping_tests.TestOrderShipping" name="test_31_modification" time="0.002" timestamp="2023-03-30T21:33:06"/>
	<testcase classname="test_order_shipping_tests.TestOrderShipping" name="test_32_modification" time="0.001" timestamp="2023-03-30T21:33:06"/>
	<testcase classname="test_order_shipping_tests.TestOrderShipping" name="test_33_modification" time="0.001" timestamp="2023-03-30T21:33:06"/>
	<testcase classname="test_order_shipping_tests.TestOrderShipping" name="test_34_modification" time="0.002" timestamp="2023-03-30T21:33:06"/>
	<testcase classname="test_order_shipping_tests.TestOrderShipping" name="test_35_modification" time="0.003" timestamp="2023-03-30T21:33:06"/>
	<testcase classname="test_order_shipping_tests.TestOrderShipping" name="test_36_modification" time="0.002" timestamp="2023-03-30T21:33:06"/>
	<testcase classname="test_order_shipping_tests.TestOrderShipping" name="test_37_modification" time="0.001" timestamp="2023-03-30T21:33:06"/>
	<testcase classname="test_order_shipping_tests.TestOrderShipping" name="test_38_modification" time="0.003" timestamp="2023-03-30T21:33:06"/>
	<testcase classname="test_order_shipping_tests.TestOrderShipping" name="test_39_modification" time="0.003" timestamp="2023-03-30T21:33:06"/>
	<testcase classname="test_order_shipping_tests.TestOrderShipping" name="test_3_deletion" time="0.003" timestamp="2023-03-30T21:33:06"/>
	<testcase classname="test_order_shipping_tests.TestOrderShipping" name="test_3_duplication" time="0.002" timestamp="2023-03-30T21:33:06"/>
	<testcase classname="test_order_shipping_tests.TestOrderShipping" name="test_40_modification" time="0.002" timestamp="2023-03-30T21:33:06"/>
	<testcase classname="test_order_shipping_tests.TestOrderShipping" name="test_41_deletion" time="0.003" timestamp="2023-03-30T21:33:06"/>
	<testcase classname="test_order_shipping_tests.TestOrderShipping" name="test_41_duplication" time="0.012" timestamp="2023-03-30T21:33:06"/>
	<testcase classname="test_order_shipping_tests.TestOrderShipping" name="test_42_deletion" time="0.003" timestamp="2023-03-30T21:33:06"/>
	<testcase classname="test_order_shipping_tests.TestOrderShipping" name="test_42_duplication" time="0.004" timestamp="2023-03-30T21:33:06"/>
	<testcase classname="test_order_shipping_tests.TestOrderShipping" name="test_43_deletion" time="0.003" timestamp="2023-03-30T21:33:06"/>
	<testcase classname="test_order_shipping_tests.TestOrderShipping" name="test_43_duplication" time="0.009" timestamp="2023-03-30T21:33:06"/>
	<testcase classname="test_order_shipping_tests.TestOrderShipping" name="test_44_deletion" time="0.003" timestamp="2023-03-30T21:33:06"/>
	<testcase classname="test_order_shipping_tests.TestOrderShipping" name="test_44_duplication" time="0.002" timestamp="2023-03-30T21:33:06"/>
	<testcase classname="test_order_shipping_tests.TestOrderShipping" name="test_45_deletion" time="0.004" timestamp="2023-03-30T21:33:06"/>
	<testcase classname="test_order_shipping_tests.TestOrderShipping" name="test_45_duplication" time="0.002" timestamp="2023-03-30T21:33:06"/>
	<testcase classname="test_order_shipping_tests.TestOrderShipping" name="test_46_modification" time="0.003" timestamp="2023-03-30T21:33:06"/>
	<testcase classname="test_order_shipping_tests.TestOrderShipping" name="test_47_modification" time="0.003" timestamp="2023-03-30T21:33:06"/>
	<testcase classname="test_order_shipping_tests.TestOrderShipping" name="test_48_modification" time="0.002" timestamp="2023-03-30T21:33:06"/>
	<testcase classname="test_order_shipping_tests.TestOrderShipping" name="test_49_modification" time="0.002" timestamp="2023-03-30T21:33:06"/>
	<testcase classname="test_order_shipping_tests.TestOrderShipping" name="test_4_deletion" time="0.003" timestamp="2023-03-30T21:33:06"/>
	<testcase classname="test_order_shipping_tests.TestOrderShipping" name="test_4_duplication" time="0.002" timestamp="2023-03-30T21:33:06"/>
	<testcase classname="test_order_shipping_tests.TestOrderShipping" name="test_50_modification" time="0.003" timestamp="2023-03-30T21:33:06"/>
	<testcase classname="test_order_shipping_tests.TestOrderShipping" name="test_51_modification" time="0.003" timestamp="2023-03-30T21:33:06"/>
	<testcase classname="test_order_shipping_tests.TestOrderShipping" name="test_5_modification" time="0.002" timestamp="2023-03-30T21:33:06"/>
	<testcase classname="test_order_shipping_tests.TestOrderShipping" name="test_6_deletion" time="0.003" timestamp="2023-03-30T21:33:06"/>
	<testcase classname="test_order_shipping_tests.TestOrderShipping" name="test_6_duplication" time="0.002" timestamp="2023-03-30T21:33:06"/>
	<testcase classname="test_order_shipping_tests.TestOrderShipping" name="test_7_deletion" time="0.003" timestamp="2023-03-30T21:33:06"/>
	<testcase classname="test_order_shipping_tests.TestOrderShipping" name="test_7_duplication" time="0.002" timestamp="2023-03-30T21:33:06"/>
	<testcase classname="test_order_shipping_tests.TestOrderShipping" name="test_8_deletion" time="0.002" timestamp="2023-03-30T21:33:06"/>
	<testcase classname="test_order_shipping_tests.TestOrderShipping" name="test_8_duplication" time="0.002" timestamp="2023-03-30T21:33:06"/>
	<testcase classname="test_order_shipping_tests.TestOrderShipping" name="test_9_modification" time="0.003" timestamp="2023-03-30T21:33:06"/>
	<testcase classname="test_order_shipping_tests.TestOrderShipping" name="test_ok" time="0.009" timestamp="2023-03-30T21:33:06"/>
	<testcase classname="test_order_shipping_tests.TestOrderShipping" name="test_orderid_31" time="0.003" timestamp="2023-03-30T21:33:06"/>
	<testcase classname="test_order_shipping_tests.TestOrderShipping" name="test_orderid_33" time="0.002" timestamp="2023-03-30T21:33:06"/>
	<testcase classname="test_order_shipping_tests.TestOrderShipping" name="test_wrong_alamcen_not_found" time="0.004" timestamp="2023-03-30T21:33:06"/>
	<testcase classname="test_order_shipping_tests.TestOrderShipping" name="test_wrong_file_not_found" time="0.002" timestamp="2023-03-30T21:33:06"/>
	<testcase classname="test_order_shipping_tests.TestOrderShipping" name="test_wrong_file_not_json" time="0.003" timestamp="2023-03-30T21:33:06"/>
	<testcase classname="test_order_shipping_tests.TestOrderShipping" name="test_wrong_json_vacio" time="0.003" timestamp="2023-03-30T21:33:06"/>
	<testcase classname="test_order_shipping_tests.TestOrderShipping" name="test_wrong_pedido_no_encontrado" time="0.008" timestamp="2023-03-30T21:33:06"/>
</testsuite>
