<?xml version="1.0" encoding="UTF-8"?>
<testsuite name="test_order_delivery_tests.TestOrderDelivery-20230330213304" tests="12" file="test_order_delivery_tests.py" time="0.233" timestamp="2023-03-30T21:33:05" failures="0" errors="0" skipped="0">
	<testcase classname="test_order_delivery_tests.TestOrderDelivery" name="test_fecha_not_valid" time="0.058" timestamp="2023-03-30T21:33:05"/>
	<testcase classname="test_order_delivery_tests.TestOrderDelivery" name="test_ok" time="0.020" timestamp="2023-03-30T21:33:05"/>
	<testcase classname="test_order_delivery_tests.TestOrderDelivery" name="test_ok_for_almacen2" time="0.026" timestamp="2023-03-30T21:33:05"/>
	<testcase classname="test_order_delivery_tests.TestOrderDelivery" name="test_ok_for_almacen4" time="0.032" timestamp="2023-03-30T21:33:05"/>
	<testcase classname="test_order_delivery_tests.TestOrderDelivery" name="test_ok_for_dic2" time="0.018" timestamp="2023-03-30T21:33:05"/>
	<testcase classname="test_order_delivery_tests.TestOrderDelivery" name="test_ok_for_dic4" time="0.037" timestamp="2023-03-30T21:33:05"/>
	<testcase classname="test_order_delivery_tests.TestOrderDelivery" name="test_ok_ya_almacenado" time="0.009" timestamp="2023-03-30T21:33:05"/>
	<testcase classname="test_order_delivery_tests.TestOrderDelivery" name="test_pedido_not_found" time="0.008" timestamp="2023-03-30T21:33:05"/>
	<testcase classname="test_order_delivery_tests.TestOrderDelivery" name="test_store_shipping_not_found" time="0.001" timestamp="2023-03-30T21:33:05"/>
	<testcase classname="test_order_delivery_tests.TestOrderDelivery" name="test_tracking_num_63" time="0.007" timestamp="2023-03-30T21:33:05"/>
	<testcase classname="test_order_delivery_tests.TestOrderDelivery" name="test_tracking_num_65" time="0.007" timestamp="2023-03-30T21:33:05"/>
	<testcase classname="test_order_delivery_tests.TestOrderDelivery" name="test_tracking_num_not_hex" time="0.010" timestamp="2023-03-30T21:33:05"/>
</testsuite>
